0 info it worked if it ends with ok
1 verbose cli [ '/usr/local/bin/node', '/usr/local/bin/npm', 'publish' ]
2 info using npm@2.14.12
3 info using node@v4.2.6
4 verbose publish [ '.' ]
5 silly cache add args [ '.', null ]
6 verbose cache add spec .
7 silly cache add parsed spec Result {
7 silly cache add   raw: '.',
7 silly cache add   scope: null,
7 silly cache add   name: null,
7 silly cache add   rawSpec: '.',
7 silly cache add   spec: '/Users/laura.carvajal/next/n-safe-logger',
7 silly cache add   type: 'directory' }
8 verbose addLocalDirectory /Users/laura.carvajal/.npm/@financial-times/n-safe-logger/1.0.0/package.tgz not in flight; packing
9 verbose tar pack [ '/Users/laura.carvajal/.npm/@financial-times/n-safe-logger/1.0.0/package.tgz',
9 verbose tar pack   '/Users/laura.carvajal/next/n-safe-logger' ]
10 verbose tarball /Users/laura.carvajal/.npm/@financial-times/n-safe-logger/1.0.0/package.tgz
11 verbose folder /Users/laura.carvajal/next/n-safe-logger
12 info prepublish @financial-times/n-safe-logger@1.0.0
13 verbose addLocalTarball adding from inside cache /Users/laura.carvajal/.npm/@financial-times/n-safe-logger/1.0.0/package.tgz
14 silly cache afterAdd @financial-times/n-safe-logger@1.0.0
15 verbose afterAdd /Users/laura.carvajal/.npm/@financial-times/n-safe-logger/1.0.0/package/package.json not in flight; writing
16 verbose afterAdd /Users/laura.carvajal/.npm/@financial-times/n-safe-logger/1.0.0/package/package.json written
17 silly publish { name: '@financial-times/n-safe-logger',
17 silly publish   main: 'main.js',
17 silly publish   dependencies: { haikro: '^2.2.0' },
17 silly publish   repository:
17 silly publish    { type: 'git',
17 silly publish      url: 'git+https://github.com/Financial-Times/n-safe-logger.git' },
17 silly publish   license: 'MIT',
17 silly publish   devDependencies:
17 silly publish    { eslint: '^2.9.0',
17 silly publish      haikro: '^2.3.2',
17 silly publish      'lintspaces-cli': '^0.1.1' },
17 silly publish   engines: { node: '5.10.1' },
17 silly publish   version: '1.0.0',
17 silly publish   readme: '# n-safe-logger\nWrapper for @financial-times/n-logger that masks sensitive fields\n',
17 silly publish   readmeFilename: 'README.md',
17 silly publish   gitHead: 'ea5874524c4fd478abad860a9d4b40c666a7af0f',
17 silly publish   description: 'Wrapper for @financial-times/n-logger that masks sensitive fields',
17 silly publish   bugs: { url: 'https://github.com/Financial-Times/n-safe-logger/issues' },
17 silly publish   homepage: 'https://github.com/Financial-Times/n-safe-logger#readme',
17 silly publish   _id: '@financial-times/n-safe-logger@1.0.0',
17 silly publish   scripts: {},
17 silly publish   _shasum: '8726de85c4ae62acc6bad8a2cdf4eec3628dcbdc',
17 silly publish   _from: '.' }
18 verbose getPublishConfig undefined
19 silly mapToRegistry name @financial-times/n-safe-logger
20 silly mapToRegistry scope (from package name) @financial-times
21 verbose mapToRegistry no registry URL found in name for scope @financial-times
22 silly mapToRegistry using default registry
23 silly mapToRegistry registry https://registry.npmjs.org/
24 silly mapToRegistry uri https://registry.npmjs.org/@financial-times%2fn-safe-logger
25 verbose publish registryBase https://registry.npmjs.org/
26 silly publish uploading /Users/laura.carvajal/.npm/@financial-times/n-safe-logger/1.0.0/package.tgz
27 verbose request uri https://registry.npmjs.org/@financial-times%2fn-safe-logger
28 verbose request sending authorization for write operation
29 info attempt registry request try #1 at 2:02:49 PM
30 verbose request using bearer token for auth
31 verbose request id 7f373e9b55b3fcd2
32 http request PUT https://registry.npmjs.org/@financial-times%2fn-safe-logger
33 http 404 https://registry.npmjs.org/@financial-times%2fn-safe-logger
34 verbose headers { 'content-type': 'application/json',
34 verbose headers   'cache-control': 'max-age=0',
34 verbose headers   'content-length': '21',
34 verbose headers   'accept-ranges': 'bytes',
34 verbose headers   date: 'Fri, 13 May 2016 13:02:52 GMT',
34 verbose headers   via: '1.1 varnish',
34 verbose headers   connection: 'keep-alive',
34 verbose headers   'x-served-by': 'cache-lcy1121-LCY',
34 verbose headers   'x-cache': 'MISS',
34 verbose headers   'x-cache-hits': '0',
34 verbose headers   'x-timer': 'S1463144570.887519,VS0,VE1200' }
35 verbose request invalidating /Users/laura.carvajal/.npm/registry.npmjs.org/_40financial-times_252fn-safe-logger on PUT
36 error publish Failed PUT 404
37 verbose stack Error: Not found : @financial-times/n-safe-logger
37 verbose stack     at makeError (/usr/local/lib/node_modules/npm/node_modules/npm-registry-client/lib/request.js:264:12)
37 verbose stack     at CachingRegistryClient.<anonymous> (/usr/local/lib/node_modules/npm/node_modules/npm-registry-client/lib/request.js:252:14)
37 verbose stack     at Request._callback (/usr/local/lib/node_modules/npm/node_modules/npm-registry-client/lib/request.js:172:14)
37 verbose stack     at Request.self.callback (/usr/local/lib/node_modules/npm/node_modules/request/request.js:198:22)
37 verbose stack     at emitTwo (events.js:87:13)
37 verbose stack     at Request.emit (events.js:172:7)
37 verbose stack     at Request.<anonymous> (/usr/local/lib/node_modules/npm/node_modules/request/request.js:1082:10)
37 verbose stack     at emitOne (events.js:82:20)
37 verbose stack     at Request.emit (events.js:169:7)
37 verbose stack     at IncomingMessage.<anonymous> (/usr/local/lib/node_modules/npm/node_modules/request/request.js:1009:12)
38 verbose statusCode 404
39 verbose pkgid @financial-times/n-safe-logger
40 verbose cwd /Users/laura.carvajal/next/n-safe-logger
41 error Darwin 15.3.0
42 error argv "/usr/local/bin/node" "/usr/local/bin/npm" "publish"
43 error node v4.2.6
44 error npm  v2.14.12
45 error code E404
46 error 404 Not found : @financial-times/n-safe-logger
46 error 404
46 error 404 '@financial-times/n-safe-logger' is not in the npm registry.
46 error 404 You should bug the author to publish it (or use the name yourself!)
46 error 404
46 error 404 Note that you can also install from a
46 error 404 tarball, folder, http url, or git url.
47 verbose exit [ 1, true ]
